<?xml version="1.0" encoding="UTF-8"?>
<testng-results ignored="0" total="5" passed="5" failed="0" skipped="0">
  <reporter-output>
  </reporter-output>
  <suite started-at="2023-04-09T12:05:24 PDT" name="All Test Suite" finished-at="2023-04-09T12:05:31 PDT" duration-ms="7085">
    <groups>
    </groups>
    <test started-at="2023-04-09T12:05:24 PDT" name="C:/Users/elgun/IdeaProjects/HostAway" finished-at="2023-04-09T12:05:31 PDT" duration-ms="7085">
      <class name="com.runner.HostAwayTest">
        <test-method is-config="true" signature="setUp()[pri:0, instance:com.runner.HostAwayTest@1a22e0ef]" started-at="2023-04-09T12:05:24 PDT" name="setUp" finished-at="2023-04-09T12:05:27 PDT" duration-ms="3741" status="PASS">
          <reporter-output>
          </reporter-output>
        </test-method> <!-- setUp -->
        <test-method signature="validatePriceEntryFields()[pri:1, instance:com.runner.HostAwayTest@1a22e0ef]" started-at="2023-04-09T12:05:27 PDT" name="validatePriceEntryFields" description="Validate Price Entry Fields" finished-at="2023-04-09T12:05:28 PDT" duration-ms="239" status="PASS">
          <reporter-output>
          </reporter-output>
        </test-method> <!-- validatePriceEntryFields -->
        <test-method signature="verifyBeds()[pri:2, instance:com.runner.HostAwayTest@1a22e0ef]" started-at="2023-04-09T12:05:28 PDT" name="verifyBeds" description="Validate beds buttons" finished-at="2023-04-09T12:05:28 PDT" duration-ms="656" status="PASS">
          <reporter-output>
          </reporter-output>
        </test-method> <!-- verifyBeds -->
        <test-method signature="verifyAmenitiesFields()[pri:3, instance:com.runner.HostAwayTest@1a22e0ef]" started-at="2023-04-09T12:05:28 PDT" name="verifyAmenitiesFields" description="Validate all checkboxes" finished-at="2023-04-09T12:05:30 PDT" duration-ms="1305" status="PASS">
          <reporter-output>
          </reporter-output>
        </test-method> <!-- verifyAmenitiesFields -->
        <test-method signature="verifyBedrooms()[pri:4, instance:com.runner.HostAwayTest@1a22e0ef]" started-at="2023-04-09T12:05:30 PDT" name="verifyBedrooms" description="Validate bedrooms buttons" finished-at="2023-04-09T12:05:30 PDT" duration-ms="531" status="PASS">
          <reporter-output>
          </reporter-output>
        </test-method> <!-- verifyBedrooms -->
        <test-method signature="verifyBathrooms()[pri:5, instance:com.runner.HostAwayTest@1a22e0ef]" started-at="2023-04-09T12:05:30 PDT" name="verifyBathrooms" description="Validate bathrooms buttons" finished-at="2023-04-09T12:05:31 PDT" duration-ms="518" status="PASS">
          <reporter-output>
          </reporter-output>
        </test-method> <!-- verifyBathrooms -->
      </class> <!-- com.runner.HostAwayTest -->
    </test> <!-- C:/Users/elgun/IdeaProjects/HostAway -->
  </suite> <!-- All Test Suite -->
</testng-results>
